<?xml version="1.0" encoding="UTF-8"?>
<!-- Generated by org.testng.reporters.JUnitReportReporter -->
<testsuite skipped="0" hostname="CASTRINO-11" name="org.testjava.Sample2" tests="1" failures="0" timestamp="13 May 2021 14:21:43 GMT" time="0.003" errors="0">
  <testcase name="tc7" time="0.003" classname="org.testjava.Sample2"/>
</testsuite> <!-- org.testjava.Sample2 -->
